生成启动时间为 2023/3/26 1:13:24。
日志记录详细程度设置为: Normal。     1>项目“F:\GAPS\train_project\ICP\code\ICP\ICP.vcxproj”在节点 2 上(Build 个目标)。
     1>PrepareForBuild:
         正在创建目录“x64\Debug\ICP.tlog\”。
       InitializeBuildStatus:
         正在创建“x64\Debug\ICP.tlog\unsuccessfulbuild”，因为已指定“AlwaysCreate”。
       AddCudaCompileDeps:
         C:\Program Files (x86)\Microsoft Visual Studio\2019\Community\VC\Tools\MSVC\14.29.30133\bin\HostX86\x64\cl.exe /E /nologo /showIncludes /TP /D__CUDACC__ /D__CUDACC_VER_MAJOR__=11 /D__CUDACC_VER_MINOR__=7 /DWIN32 /DWIN64 /D_DEBUG /D_CONSOLE /D_MBCS /I"C:\Program Files\NVIDIA GPU Computing Toolkit\CUDA\v11.7\include" /I"C:\Program Files\NVIDIA GPU Computing Toolkit\CUDA\v11.7\bin" /I"C:\Program Files\NVIDIA GPU Computing Toolkit\CUDA\v11.7\include" /I. /FIcuda_runtime.h /c F:\GAPS\train_project\ICP\code\ICP\kernel.cu 
     1>项目“F:\GAPS\train_project\ICP\code\ICP\ICP.vcxproj”(1)正在节点 2 上生成“F:\GAPS\train_project\ICP\code\ICP\ICP.vcxproj”(1:2) (CudaBuildCore 个目标)。
     1>CudaBuildCore:
         Compiling CUDA source file kernel.cu...
         cmd.exe /C "C:\WINDOWS\TEMP\tmp41d81745c3594ecb9d290465c553bedc.cmd"
         "C:\Program Files\NVIDIA GPU Computing Toolkit\CUDA\v11.7\bin\nvcc.exe" -gencode=arch=compute_52,code=\"sm_52,compute_52\" --use-local-env -ccbin "C:\Program Files (x86)\Microsoft Visual Studio\2019\Community\VC\Tools\MSVC\14.29.30133\bin\HostX86\x64" -x cu   -I"C:\Program Files\NVIDIA GPU Computing Toolkit\CUDA\v11.7\include" -I"C:\Program Files\NVIDIA GPU Computing Toolkit\CUDA\v11.7\include"  -G   --keep-dir x64\Debug  -maxrregcount=0  --machine 64 --compile -cudart static  -g  -DWIN32 -DWIN64 -D_DEBUG -D_CONSOLE -D_MBCS -Xcompiler "/EHsc /W3 /nologo /Od /Fdx64\Debug\vc142.pdb /FS /Zi /RTC1 /MDd " -o F:\GAPS\train_project\ICP\code\ICP\x64\Debug\kernel.cu.obj "F:\GAPS\train_project\ICP\code\ICP\kernel.cu"
         
         F:\GAPS\train_project\ICP\code\ICP>"C:\Program Files\NVIDIA GPU Computing Toolkit\CUDA\v11.7\bin\nvcc.exe" -gencode=arch=compute_52,code=\"sm_52,compute_52\" --use-local-env -ccbin "C:\Program Files (x86)\Microsoft Visual Studio\2019\Community\VC\Tools\MSVC\14.29.30133\bin\HostX86\x64" -x cu   -I"C:\Program Files\NVIDIA GPU Computing Toolkit\CUDA\v11.7\include" -I"C:\Program Files\NVIDIA GPU Computing Toolkit\CUDA\v11.7\include"  -G   --keep-dir x64\Debug  -maxrregcount=0  --machine 64 --compile -cudart static  -g  -DWIN32 -DWIN64 -D_DEBUG -D_CONSOLE -D_MBCS -Xcompiler "/EHsc /W3 /nologo /Od /Fdx64\Debug\vc142.pdb /FS /Zi /RTC1 /MDd " -o F:\GAPS\train_project\ICP\code\ICP\x64\Debug\kernel.cu.obj "F:\GAPS\train_project\ICP\code\ICP\kernel.cu" 
     1>F:\GAPS\train_project\ICP\code\ICP\kernel.cu(982): warning #177-D: variable "D_idx" was declared but never referenced
         
         kernel.cu
     1>F:\GAPS\train_project\ICP\code\ICP\kernel.cu(388): warning C4267: “初始化”: 从“size_t”转换到“int”，可能丢失数据
     1>F:\GAPS\train_project\ICP\code\ICP\kernel.cu(542): warning C4267: “初始化”: 从“size_t”转换到“int”，可能丢失数据
     1>F:\GAPS\train_project\ICP\code\ICP\kernel.cu(835): warning C4267: “初始化”: 从“size_t”转换到“int”，可能丢失数据
     1>F:\GAPS\train_project\ICP\code\ICP\kernel.cu(913): warning C4244: “初始化”: 从“float”转换到“int”，可能丢失数据
     1>F:\GAPS\train_project\ICP\code\ICP\kernel.cu(922): warning C4244: “初始化”: 从“float”转换到“int”，可能丢失数据
     1>F:\GAPS\train_project\ICP\code\ICP\kernel.cu(955): warning C4244: “初始化”: 从“float”转换到“int”，可能丢失数据
     1>F:\GAPS\train_project\ICP\code\ICP\kernel.cu(1073): warning C4244: “初始化”: 从“float”转换到“int”，可能丢失数据
     1>F:\GAPS\train_project\ICP\code\ICP\kernel.cu(1078): warning C4244: “初始化”: 从“float”转换到“int”，可能丢失数据
     1>F:\GAPS\train_project\ICP\code\ICP\kernel.cu(1136): warning C4244: “初始化”: 从“float”转换到“int”，可能丢失数据
     1>F:\GAPS\train_project\ICP\code\ICP\kernel.cu(1155): warning C4244: “初始化”: 从“float”转换到“int”，可能丢失数据
     1>F:\GAPS\train_project\ICP\code\ICP\kernel.cu(1190): warning C4267: “初始化”: 从“size_t”转换到“int”，可能丢失数据
     1>F:\GAPS\train_project\ICP\code\ICP\kernel.cu(1259): warning C4244: “初始化”: 从“float”转换到“int”，可能丢失数据
     1>F:\GAPS\train_project\ICP\code\ICP\kernel.cu(1273): warning C4244: “初始化”: 从“float”转换到“int”，可能丢失数据
     1>已完成生成项目“F:\GAPS\train_project\ICP\code\ICP\ICP.vcxproj”(CudaBuildCore 个目标)的操作。
     1>Link:
         C:\Program Files (x86)\Microsoft Visual Studio\2019\Community\VC\Tools\MSVC\14.29.30133\bin\HostX86\x64\link.exe /ERRORREPORT:PROMPT /OUT:"F:\GAPS\train_project\ICP\code\ICP\x64\Debug\ICP.exe" /INCREMENTAL /ILK:"x64\Debug\ICP.ilk" /NOLOGO /LIBPATH:"C:\Program Files\NVIDIA GPU Computing Toolkit\CUDA\v11.7\lib\x64" cudart_static.lib kernel32.lib user32.lib gdi32.lib winspool.lib comdlg32.lib advapi32.lib shell32.lib ole32.lib oleaut32.lib uuid.lib odbc32.lib odbccp32.lib kernel32.lib user32.lib gdi32.lib winspool.lib comdlg32.lib advapi32.lib shell32.lib ole32.lib oleaut32.lib uuid.lib odbc32.lib odbccp32.lib cudart.lib cudadevrt.lib /MANIFEST /MANIFESTUAC:"level='asInvoker' uiAccess='false'" /manifest:embed /DEBUG /PDB:"F:\GAPS\train_project\ICP\code\ICP\x64\Debug\ICP.pdb" /SUBSYSTEM:CONSOLE /TLBID:1 /DYNAMICBASE /NXCOMPAT /IMPLIB:"F:\GAPS\train_project\ICP\code\ICP\x64\Debug\ICP.lib" /MACHINE:X64 F:\GAPS\train_project\ICP\code\ICP\x64\Debug\kernel.cu.obj
           正在创建库 F:\GAPS\train_project\ICP\code\ICP\x64\Debug\ICP.lib 和对象 F:\GAPS\train_project\ICP\code\ICP\x64\Debug\ICP.exp
     1>LINK : warning LNK4098: 默认库“LIBCMT”与其他库的使用冲突；请使用 /NODEFAULTLIB:library
         ICP.vcxproj -> F:\GAPS\train_project\ICP\code\ICP\x64\Debug\ICP.exe
       FinalizeBuildStatus:
         正在删除文件“x64\Debug\ICP.tlog\unsuccessfulbuild”。
         正在对“x64\Debug\ICP.tlog\ICP.lastbuildstate”执行 Touch 任务。
     1>已完成生成项目“F:\GAPS\train_project\ICP\code\ICP\ICP.vcxproj”(Build 个目标)的操作。

已成功生成。

       “F:\GAPS\train_project\ICP\code\ICP\ICP.vcxproj”(Build 目标) (1) ->
       “F:\GAPS\train_project\ICP\code\ICP\ICP.vcxproj”(CudaBuildCore 目标) (1:2) ->
       (CudaBuildCore 目标) -> 
         F:\GAPS\train_project\ICP\code\ICP\kernel.cu(982): warning #177-D: variable "D_idx" was declared but never referenced
         F:\GAPS\train_project\ICP\code\ICP\kernel.cu(388): warning C4267: “初始化”: 从“size_t”转换到“int”，可能丢失数据
         F:\GAPS\train_project\ICP\code\ICP\kernel.cu(542): warning C4267: “初始化”: 从“size_t”转换到“int”，可能丢失数据
         F:\GAPS\train_project\ICP\code\ICP\kernel.cu(835): warning C4267: “初始化”: 从“size_t”转换到“int”，可能丢失数据
         F:\GAPS\train_project\ICP\code\ICP\kernel.cu(913): warning C4244: “初始化”: 从“float”转换到“int”，可能丢失数据
         F:\GAPS\train_project\ICP\code\ICP\kernel.cu(922): warning C4244: “初始化”: 从“float”转换到“int”，可能丢失数据
         F:\GAPS\train_project\ICP\code\ICP\kernel.cu(955): warning C4244: “初始化”: 从“float”转换到“int”，可能丢失数据
         F:\GAPS\train_project\ICP\code\ICP\kernel.cu(1073): warning C4244: “初始化”: 从“float”转换到“int”，可能丢失数据
         F:\GAPS\train_project\ICP\code\ICP\kernel.cu(1078): warning C4244: “初始化”: 从“float”转换到“int”，可能丢失数据
         F:\GAPS\train_project\ICP\code\ICP\kernel.cu(1136): warning C4244: “初始化”: 从“float”转换到“int”，可能丢失数据
         F:\GAPS\train_project\ICP\code\ICP\kernel.cu(1155): warning C4244: “初始化”: 从“float”转换到“int”，可能丢失数据
         F:\GAPS\train_project\ICP\code\ICP\kernel.cu(1190): warning C4267: “初始化”: 从“size_t”转换到“int”，可能丢失数据
         F:\GAPS\train_project\ICP\code\ICP\kernel.cu(1259): warning C4244: “初始化”: 从“float”转换到“int”，可能丢失数据
         F:\GAPS\train_project\ICP\code\ICP\kernel.cu(1273): warning C4244: “初始化”: 从“float”转换到“int”，可能丢失数据


       “F:\GAPS\train_project\ICP\code\ICP\ICP.vcxproj”(Build 目标) (1) ->
       (Link 目标) -> 
         LINK : warning LNK4098: 默认库“LIBCMT”与其他库的使用冲突；请使用 /NODEFAULTLIB:library

    15 个警告
    0 个错误

已用时间 00:00:06.51
